<?xml version="1.0" encoding="UTF-8"?>
<testsuite name="LinkedListDequeTest" tests="15" skipped="0" failures="0" errors="0" timestamp="2024-11-27T04:30:26" hostname="Jiajins-MacBook-Air.local" time="0.025">
  <properties/>
  <testcase name="testAddLastToEmptyList()" classname="LinkedListDequeTest" time="0.013"/>
  <testcase name="testAddFirstPreservesListCircularity()" classname="LinkedListDequeTest" time="0.001"/>
  <testcase name="testMixedAddFirstAndAddLast()" classname="LinkedListDequeTest" time="0.0"/>
  <testcase name="testAddFirstConsecutively()" classname="LinkedListDequeTest" time="0.0"/>
  <testcase name="testAddLastConsecutively()" classname="LinkedListDequeTest" time="0.001"/>
  <testcase name="testAddFirstNullElement()" classname="LinkedListDequeTest" time="0.0"/>
  <testcase name="testAddLastNullElement()" classname="LinkedListDequeTest" time="0.0"/>
  <testcase name="testAddLastWithDifferentTypes()" classname="LinkedListDequeTest" time="0.0"/>
  <testcase name="testAddFirstMultipleElements()" classname="LinkedListDequeTest" time="0.0"/>
  <testcase name="testAddLastPreservesListCircularity()" classname="LinkedListDequeTest" time="0.001"/>
  <testcase name="testAddLastManyElements()" classname="LinkedListDequeTest" time="0.001"/>
  <testcase name="testAddLastMultipleElements()" classname="LinkedListDequeTest" time="0.001"/>
  <testcase name="testAddFirstWithDifferentTypes()" classname="LinkedListDequeTest" time="0.0"/>
  <testcase name="testAddFirstManyElements()" classname="LinkedListDequeTest" time="0.001"/>
  <testcase name="testAddFirstToEmptyList()" classname="LinkedListDequeTest" time="0.001"/>
  <system-out><![CDATA[]]></system-out>
  <system-err><![CDATA[]]></system-err>
</testsuite>
